<?xml version="1.0" encoding="UTF-8"?>
<!-- Generated by org.testng.reporters.JUnitXMLReporter -->
<testsuite hostname="SAO-LT-190506E" ignored="0" name="Search for Product" tests="12" failures="1" timestamp="2020-03-10T22:25:52 CST" time="15.286" errors="0">
  <testcase name="Click_On_The_Product" time="0.001" classname="com.exercise3.MyTests"/>
  <testcase name="Search_Samsung_Galaxy_S9_64GB" time="0.0" classname="com.exercise3.MyTests">
    <failure type="org.testng.TestNGException" message="
Parameter &amp;apos;Samsung Galaxy S9 64GB&amp;apos; is required by @Test on method Search_Samsung_Galaxy_S9_64GB but has not been marked @Optional or defined
in C:\Users\miriam.ramirez\Documents\- Training\Training SDET\Exercises\7. Java Maven\Exercise 3\TestsExercise3\src\test\java\testng.xml">
      <![CDATA[org.testng.TestNGException: 
Parameter 'Samsung Galaxy S9 64GB' is required by @Test on method Search_Samsung_Galaxy_S9_64GB but has not been marked @Optional or defined
in C:\Users\miriam.ramirez\Documents\- Training\Training SDET\Exercises\7. Java Maven\Exercise 3\TestsExercise3\src\test\java\testng.xml
at java.util.ArrayList.forEach(Unknown Source)
... Removed 26 stack frames]]>
    </failure>
  </testcase> <!-- Search_Samsung_Galaxy_S9_64GB -->
  <testcase name="Select_First_Product" time="0.0" classname="com.exercise3.MyTests"/>
  <testcase name="User_Login" time="2.719" classname="com.exercise3.MyTests"/>
  <testcase name="Validate_First_Price_vs_DetailPrice" time="0.0" classname="com.exercise3.MyTests"/>
  <testcase name="add_to_Cart" time="0.0" classname="com.exercise3.MyTests"/>
  <testcase name="click_on_Add_to_Cart" time="0.001" classname="com.exercise3.MyTests"/>
  <testcase name="search_for_another_product_Alienware_Aw3418DW" time="0.001" classname="com.exercise3.MyTests"/>
  <testcase name="select_First_product" time="0.0" classname="com.exercise3.MyTests"/>
  <testcase name="validate_again_first_price_vs_current_price" time="0.001" classname="com.exercise3.MyTests"/>
  <testcase name="validate_that_the_Shop_car_has_1_as_a_number" time="0.001" classname="com.exercise3.MyTests"/>
  <testcase name="verify_that_the_cart_number_is_now_2" time="0.001" classname="com.exercise3.MyTests"/>
</testsuite> <!-- Search for Product -->
