<?xml version="1.0" encoding="UTF-8"?>
<!-- Generated by org.testng.reporters.JUnitXMLReporter -->
<testsuite hostname="SAO-LT-190506E" ignored="0" name="User_Login" tests="12" failures="1" timestamp="2020-03-11T09:55:17 CST" time="20.403" errors="0">
  <testcase name="Click_On_The_Product" time="0.029" classname="com.exercise3.TestsE3">
    <failure type="org.openqa.selenium.NoSuchElementException" message="no such element: Unable to locate element: {&amp;quot;method&amp;quot;:&amp;quot;css selector&amp;quot;,&amp;quot;selector&amp;quot;:&amp;quot;#search&amp;gt;div:nth-of-type(1)&amp;gt;div:nth-of-type(2)&amp;gt;div&amp;gt;span:nth-of-type(4)&amp;gt;div&amp;gt;div:nth-of-type(3)&amp;gt;div&amp;gt;span&amp;gt;div&amp;gt;div&amp;gt;div:nth-of-type(2)&amp;gt;div:nth-of-type(2)&amp;gt;div&amp;gt;div:nth-of-type(2)&amp;gt;div&amp;gt;div&amp;gt;div&amp;gt;div&amp;gt;div&amp;gt;a&amp;quot;}
  (Session info: chrome=80.0.3987.132)
For documentation on this error, please visit: https://www.seleniumhq.org/exceptions/no_such_element.html
Build info: version: &amp;apos;3.141.59&amp;apos;, revision: &amp;apos;e82be7d358&amp;apos;, time: &amp;apos;2018-11-14T08:25:48&amp;apos;
System info: host: &amp;apos;SAO-LT-190506E&amp;apos;, ip: &amp;apos;172.16.2.21&amp;apos;, os.name: &amp;apos;Windows 10&amp;apos;, os.arch: &amp;apos;amd64&amp;apos;, os.version: &amp;apos;10.0&amp;apos;, java.version: &amp;apos;1.8.0_231&amp;apos;
Driver info: org.openqa.selenium.chrome.ChromeDriver
Capabilities {acceptInsecureCerts: false, browserName: chrome, browserVersion: 80.0.3987.132, chrome: {chromedriverVersion: 80.0.3987.106 (f68069574609..., userDataDir: C:\Users\MIRIAM~1.RAM\AppDa...}, goog:chromeOptions: {debuggerAddress: localhost:59196}, javascriptEnabled: true, networkConnectionEnabled: false, pageLoadStrategy: normal, platform: WINDOWS, platformName: WINDOWS, proxy: Proxy(), setWindowRect: true, strictFileInteractability: false, timeouts: {implicit: 0, pageLoad: 300000, script: 30000}, unhandledPromptBehavior: dismiss and notify}
Session ID: d9c8c8e963c134bdc5f0517cd51c829b
*** Element info: {Using=css selector, value=#search&amp;gt;div:nth-of-type(1)&amp;gt;div:nth-of-type(2)&amp;gt;div&amp;gt;span:nth-of-type(4)&amp;gt;div&amp;gt;div:nth-of-type(3)&amp;gt;div&amp;gt;span&amp;gt;div&amp;gt;div&amp;gt;div:nth-of-type(2)&amp;gt;div:nth-of-type(2)&amp;gt;div&amp;gt;div:nth-of-type(2)&amp;gt;div&amp;gt;div&amp;gt;div&amp;gt;div&amp;gt;div&amp;gt;a}">
      <![CDATA[org.openqa.selenium.NoSuchElementException: no such element: Unable to locate element: {"method":"css selector","selector":"#search>div:nth-of-type(1)>div:nth-of-type(2)>div>span:nth-of-type(4)>div>div:nth-of-type(3)>div>span>div>div>div:nth-of-type(2)>div:nth-of-type(2)>div>div:nth-of-type(2)>div>div>div>div>div>a"}
  (Session info: chrome=80.0.3987.132)
For documentation on this error, please visit: https://www.seleniumhq.org/exceptions/no_such_element.html
Build info: version: '3.141.59', revision: 'e82be7d358', time: '2018-11-14T08:25:48'
System info: host: 'SAO-LT-190506E', ip: '172.16.2.21', os.name: 'Windows 10', os.arch: 'amd64', os.version: '10.0', java.version: '1.8.0_231'
Driver info: org.openqa.selenium.chrome.ChromeDriver
Capabilities {acceptInsecureCerts: false, browserName: chrome, browserVersion: 80.0.3987.132, chrome: {chromedriverVersion: 80.0.3987.106 (f68069574609..., userDataDir: C:\Users\MIRIAM~1.RAM\AppDa...}, goog:chromeOptions: {debuggerAddress: localhost:59196}, javascriptEnabled: true, networkConnectionEnabled: false, pageLoadStrategy: normal, platform: WINDOWS, platformName: WINDOWS, proxy: Proxy(), setWindowRect: true, strictFileInteractability: false, timeouts: {implicit: 0, pageLoad: 300000, script: 30000}, unhandledPromptBehavior: dismiss and notify}
Session ID: d9c8c8e963c134bdc5f0517cd51c829b
*** Element info: {Using=css selector, value=#search>div:nth-of-type(1)>div:nth-of-type(2)>div>span:nth-of-type(4)>div>div:nth-of-type(3)>div>span>div>div>div:nth-of-type(2)>div:nth-of-type(2)>div>div:nth-of-type(2)>div>div>div>div>div>a}
at org.openqa.selenium.remote.http.W3CHttpResponseCodec.createException(W3CHttpResponseCodec.java:187)
at org.openqa.selenium.remote.http.W3CHttpResponseCodec.decode(W3CHttpResponseCodec.java:122)
at org.openqa.selenium.remote.http.W3CHttpResponseCodec.decode(W3CHttpResponseCodec.java:49)
at org.openqa.selenium.remote.HttpCommandExecutor.execute(HttpCommandExecutor.java:158)
at org.openqa.selenium.remote.service.DriverCommandExecutor.execute(DriverCommandExecutor.java:83)
at org.openqa.selenium.remote.RemoteWebDriver.execute(RemoteWebDriver.java:552)
at org.openqa.selenium.remote.RemoteWebDriver.findElement(RemoteWebDriver.java:323)
at org.openqa.selenium.remote.RemoteWebDriver.findElementByCssSelector(RemoteWebDriver.java:420)
at org.openqa.selenium.By$ByCssSelector.findElement(By.java:431)
at org.openqa.selenium.remote.RemoteWebDriver.findElement(RemoteWebDriver.java:315)
at com.exercise3.Browser.clickFirstProduct(Browser.java:85)
at com.exercise3.TestsE3.Click_On_The_Product(TestsE3.java:46)
at java.util.ArrayList.forEach(Unknown Source)
... Removed 31 stack frames]]>
    </failure>
  </testcase> <!-- Click_On_The_Product -->
  <testcase name="Search_Samsung_Galaxy_S9_64GB" time="2.527" classname="com.exercise3.TestsE3"/>
  <testcase name="Select_First_Product" time="0.043" classname="com.exercise3.TestsE3"/>
  <testcase name="User_Login" time="3.439" classname="com.exercise3.TestsE3"/>
  <testcase name="Validate_First_Price_vs_DetailPrice" time="0.001" classname="com.exercise3.TestsE3"/>
  <testcase name="add_to_Cart" time="0.003" classname="com.exercise3.TestsE3"/>
  <testcase name="click_on_Add_to_Cart" time="0.002" classname="com.exercise3.TestsE3"/>
  <testcase name="search_for_another_product_Alienware_Aw3418DW" time="0.002" classname="com.exercise3.TestsE3"/>
  <testcase name="select_First_product" time="0.002" classname="com.exercise3.TestsE3"/>
  <testcase name="validate_again_first_price_vs_current_price" time="0.001" classname="com.exercise3.TestsE3"/>
  <testcase name="validate_that_the_Shop_car_has_1_as_a_number" time="0.001" classname="com.exercise3.TestsE3"/>
  <testcase name="verify_that_the_cart_number_is_now_2" time="0.001" classname="com.exercise3.TestsE3"/>
</testsuite> <!-- User_Login -->
